

============================== 2022-05-26 09:05:19.800382 | 190438f9-5c18-4db9-bd77-4f14474c5814 ==============================
09:05:19.800386 [info ] [MainThread]: Running with dbt=1.1.0
09:05:19.800775 [debug] [MainThread]: running dbt with arguments {'write_json': True, 'use_colors': True, 'printer_width': 80, 'version_check': True, 'partial_parse': True, 'static_parser': True, 'profiles_dir': '/Users/sergio/.dbt', 'send_anonymous_usage_stats': True, 'event_buffer_size': 100000, 'quiet': False, 'no_print': False, 'project_name': 'jaffle_shop', 'skip_profile_setup': False, 'which': 'init', 'indirect_selection': 'eager'}
09:05:19.800854 [debug] [MainThread]: Tracking: tracking
09:05:19.809522 [debug] [MainThread]: Sending event: {'category': 'dbt', 'action': 'invocation', 'label': 'start', 'context': [<snowplow_tracker.self_describing_json.SelfDescribingJson object at 0x103f115e0>, <snowplow_tracker.self_describing_json.SelfDescribingJson object at 0x103f11520>, <snowplow_tracker.self_describing_json.SelfDescribingJson object at 0x103f11400>]}
09:05:19.810199 [info ] [MainThread]: Creating dbt configuration folder at /Users/sergio/.dbt
09:05:19.810876 [debug] [MainThread]: Starter project path: /opt/homebrew/Cellar/dbt-snowflake/1.1.0/libexec/lib/python3.9/site-packages/dbt/include/starter_project
09:10:04.268728 [info ] [MainThread]: Profile jaffle_shop written to /Users/sergio/.dbt/profiles.yml using target's profile_template.yml and your supplied values. Run 'dbt debug' to validate the connection.
09:10:04.272428 [info ] [MainThread]: 
Your new dbt project "jaffle_shop" was created!

For more information on how to configure the profiles.yml file,
please consult the dbt documentation here:

  https://docs.getdbt.com/docs/configure-your-profile

One more thing:

Need help? Don't hesitate to reach out to us via GitHub issues or on Slack:

  https://community.getdbt.com/

Happy modeling!

09:10:04.279135 [debug] [MainThread]: Sending event: {'category': 'dbt', 'action': 'invocation', 'label': 'end', 'context': [<snowplow_tracker.self_describing_json.SelfDescribingJson object at 0x103f11400>, <snowplow_tracker.self_describing_json.SelfDescribingJson object at 0x103f11130>, <snowplow_tracker.self_describing_json.SelfDescribingJson object at 0x103ec6220>]}


============================== 2022-05-30 20:26:00.689118 | 438adc60-279e-4d44-8708-4e60016db7b6 ==============================
20:26:00.689123 [info ] [MainThread]: Running with dbt=1.1.0
20:26:00.689446 [debug] [MainThread]: running dbt with arguments {'write_json': True, 'use_colors': True, 'printer_width': 80, 'version_check': True, 'partial_parse': True, 'static_parser': True, 'profiles_dir': '/Users/sergio/.dbt', 'send_anonymous_usage_stats': True, 'event_buffer_size': 100000, 'quiet': False, 'no_print': False, 'config_dir': False, 'which': 'debug', 'indirect_selection': 'eager'}
20:26:00.689519 [debug] [MainThread]: Tracking: tracking
20:26:00.705538 [debug] [MainThread]: Sending event: {'category': 'dbt', 'action': 'invocation', 'label': 'start', 'context': [<snowplow_tracker.self_describing_json.SelfDescribingJson object at 0x1084cffa0>, <snowplow_tracker.self_describing_json.SelfDescribingJson object at 0x1084cfdf0>, <snowplow_tracker.self_describing_json.SelfDescribingJson object at 0x1084cfa60>]}
20:26:01.009338 [debug] [MainThread]: Executing "git --help"
20:26:01.016163 [debug] [MainThread]: STDOUT: "b"usage: git [--version] [--help] [-C <path>] [-c <name>=<value>]\n           [--exec-path[=<path>]] [--html-path] [--man-path] [--info-path]\n           [-p | --paginate | -P | --no-pager] [--no-replace-objects] [--bare]\n           [--git-dir=<path>] [--work-tree=<path>] [--namespace=<name>]\n           [--super-prefix=<path>] [--config-env=<name>=<envvar>]\n           <command> [<args>]\n\nThese are common Git commands used in various situations:\n\nstart a working area (see also: git help tutorial)\n   clone     Clone a repository into a new directory\n   init      Create an empty Git repository or reinitialize an existing one\n\nwork on the current change (see also: git help everyday)\n   add       Add file contents to the index\n   mv        Move or rename a file, a directory, or a symlink\n   restore   Restore working tree files\n   rm        Remove files from the working tree and from the index\n\nexamine the history and state (see also: git help revisions)\n   bisect    Use binary search to find the commit that introduced a bug\n   diff      Show changes between commits, commit and working tree, etc\n   grep      Print lines matching a pattern\n   log       Show commit logs\n   show      Show various types of objects\n   status    Show the working tree status\n\ngrow, mark and tweak your common history\n   branch    List, create, or delete branches\n   commit    Record changes to the repository\n   merge     Join two or more development histories together\n   rebase    Reapply commits on top of another base tip\n   reset     Reset current HEAD to the specified state\n   switch    Switch branches\n   tag       Create, list, delete or verify a tag object signed with GPG\n\ncollaborate (see also: git help workflows)\n   fetch     Download objects and refs from another repository\n   pull      Fetch from and integrate with another repository or a local branch\n   push      Update remote refs along with associated objects\n\n'git help -a' and 'git help -g' list available subcommands and some\nconcept guides. See 'git help <command>' or 'git help <concept>'\nto read about a specific subcommand or concept.\nSee 'git help git' for an overview of the system.\n""
20:26:01.016592 [debug] [MainThread]: STDERR: "b''"
20:26:01.020769 [debug] [MainThread]: Acquiring new snowflake connection "debug"
20:26:01.021566 [debug] [MainThread]: Using snowflake connection "debug"
20:26:01.021664 [debug] [MainThread]: On debug: select 1 as id
20:26:01.021736 [debug] [MainThread]: Opening a new connection, currently in state init
20:26:02.066556 [debug] [MainThread]: SQL status: SUCCESS 1 in 1.04 seconds
20:26:02.068234 [debug] [MainThread]: On debug: Close
20:26:02.204190 [debug] [MainThread]: Sending event: {'category': 'dbt', 'action': 'invocation', 'label': 'end', 'context': [<snowplow_tracker.self_describing_json.SelfDescribingJson object at 0x108eb9a60>, <snowplow_tracker.self_describing_json.SelfDescribingJson object at 0x108eb95b0>, <snowplow_tracker.self_describing_json.SelfDescribingJson object at 0x108eb9d60>]}
20:26:02.678495 [debug] [MainThread]: Connection 'debug' was properly closed.
